[10-Jun-2025 11:48:31 UTC] 2025-06-10 11:48:31.726304 Stack Trace (Application start):
#0 /home/nathnael/dev/PHP/bookstore-webapp/index.php(6): Debug::logStackTrace()
    Arguments:
        #0: Application start

[10-Jun-2025 11:48:31 UTC] 2025-06-10 11:48:31.726372 Request Info:
Method: GET
URI: /admin
Query String: none
Session ID: smkii9874lpug9oo8bcboikrc7
Session Data: Array
(
    [user_id] => 1
    [is_admin] => 1
    [user_name] => Admin User
)

Headers:
HOST: localhost:8000
USER-AGENT: Mozilla/5.0 (X11; Linux x86_64; rv:128.0) Gecko/20100101 Firefox/128.0
ACCEPT: text/html,application/xhtml+xml,application/xml;q=0.9,*/*;q=0.8
ACCEPT-LANGUAGE: en-US,en;q=0.5
ACCEPT-ENCODING: gzip, deflate, br, zstd
REFERER: http://localhost:8000/login
CONNECTION: keep-alive
COOKIE: csrftoken=MdrqUGeVKwYctJEMCsW27stIV0cYNax7; PHPSESSID=smkii9874lpug9oo8bcboikrc7
UPGRADE-INSECURE-REQUESTS: 1
SEC-FETCH-DEST: document
SEC-FETCH-MODE: navigate
SEC-FETCH-SITE: same-origin
SEC-FETCH-USER: ?1
DNT: 1
SEC-GPC: 1
PRIORITY: u=0, i


[10-Jun-2025 11:48:31 UTC] 2025-06-10 11:48:31.726393 Stack Trace (Adding route: GET /login):
#0 /home/nathnael/dev/PHP/bookstore-webapp/app/utils/Router.php(11): Debug::logStackTrace()
    Arguments:
        #0: Adding route: GET /login
#1 /home/nathnael/dev/PHP/bookstore-webapp/index.php(12): Router->addRoute()
    Arguments:
        #0: GET
        #1: /login
        #2: object

[10-Jun-2025 11:48:31 UTC] 2025-06-10 11:48:31.726402 Stack Trace (Adding route: POST /login):
#0 /home/nathnael/dev/PHP/bookstore-webapp/app/utils/Router.php(11): Debug::logStackTrace()
    Arguments:
        #0: Adding route: POST /login
#1 /home/nathnael/dev/PHP/bookstore-webapp/index.php(16): Router->addRoute()
    Arguments:
        #0: POST
        #1: /login
        #2: object

[10-Jun-2025 11:48:31 UTC] 2025-06-10 11:48:31.726409 Stack Trace (Adding route: GET /register):
#0 /home/nathnael/dev/PHP/bookstore-webapp/app/utils/Router.php(11): Debug::logStackTrace()
    Arguments:
        #0: Adding route: GET /register
#1 /home/nathnael/dev/PHP/bookstore-webapp/index.php(20): Router->addRoute()
    Arguments:
        #0: GET
        #1: /register
        #2: object

[10-Jun-2025 11:48:31 UTC] 2025-06-10 11:48:31.726414 Stack Trace (Adding route: POST /register):
#0 /home/nathnael/dev/PHP/bookstore-webapp/app/utils/Router.php(11): Debug::logStackTrace()
    Arguments:
        #0: Adding route: POST /register
#1 /home/nathnael/dev/PHP/bookstore-webapp/index.php(24): Router->addRoute()
    Arguments:
        #0: POST
        #1: /register
        #2: object

[10-Jun-2025 11:48:31 UTC] 2025-06-10 11:48:31.726421 Stack Trace (Adding route: GET /logout):
#0 /home/nathnael/dev/PHP/bookstore-webapp/app/utils/Router.php(11): Debug::logStackTrace()
    Arguments:
        #0: Adding route: GET /logout
#1 /home/nathnael/dev/PHP/bookstore-webapp/index.php(28): Router->addRoute()
    Arguments:
        #0: GET
        #1: /logout
        #2: object

[10-Jun-2025 11:48:31 UTC] 2025-06-10 11:48:31.726425 Stack Trace (Adding route: GET /):
#0 /home/nathnael/dev/PHP/bookstore-webapp/app/utils/Router.php(11): Debug::logStackTrace()
    Arguments:
        #0: Adding route: GET /
#1 /home/nathnael/dev/PHP/bookstore-webapp/index.php(34): Router->addRoute()
    Arguments:
        #0: GET
        #1: /
        #2: object

[10-Jun-2025 11:48:31 UTC] 2025-06-10 11:48:31.726440 Stack Trace (Adding route: GET /books):
#0 /home/nathnael/dev/PHP/bookstore-webapp/app/utils/Router.php(11): Debug::logStackTrace()
    Arguments:
        #0: Adding route: GET /books
#1 /home/nathnael/dev/PHP/bookstore-webapp/index.php(38): Router->addRoute()
    Arguments:
        #0: GET
        #1: /books
        #2: object

[10-Jun-2025 11:48:31 UTC] 2025-06-10 11:48:31.726448 Stack Trace (Adding route: GET /books/{id}):
#0 /home/nathnael/dev/PHP/bookstore-webapp/app/utils/Router.php(11): Debug::logStackTrace()
    Arguments:
        #0: Adding route: GET /books/{id}
#1 /home/nathnael/dev/PHP/bookstore-webapp/index.php(42): Router->addRoute()
    Arguments:
        #0: GET
        #1: /books/{id}
        #2: object

[10-Jun-2025 11:48:31 UTC] 2025-06-10 11:48:31.726463 Stack Trace (Adding route: GET /books/title/{title}):
#0 /home/nathnael/dev/PHP/bookstore-webapp/app/utils/Router.php(11): Debug::logStackTrace()
    Arguments:
        #0: Adding route: GET /books/title/{title}
#1 /home/nathnael/dev/PHP/bookstore-webapp/index.php(46): Router->addRoute()
    Arguments:
        #0: GET
        #1: /books/title/{title}
        #2: object

[10-Jun-2025 11:48:31 UTC] 2025-06-10 11:48:31.726473 Stack Trace (Adding route: GET /cart):
#0 /home/nathnael/dev/PHP/bookstore-webapp/app/utils/Router.php(11): Debug::logStackTrace()
    Arguments:
        #0: Adding route: GET /cart
#1 /home/nathnael/dev/PHP/bookstore-webapp/index.php(52): Router->addRoute()
    Arguments:
        #0: GET
        #1: /cart
        #2: object

[10-Jun-2025 11:48:31 UTC] 2025-06-10 11:48:31.726484 Stack Trace (Adding route: POST /cart/add):
#0 /home/nathnael/dev/PHP/bookstore-webapp/app/utils/Router.php(11): Debug::logStackTrace()
    Arguments:
        #0: Adding route: POST /cart/add
#1 /home/nathnael/dev/PHP/bookstore-webapp/index.php(56): Router->addRoute()
    Arguments:
        #0: POST
        #1: /cart/add
        #2: object

[10-Jun-2025 11:48:31 UTC] 2025-06-10 11:48:31.726492 Stack Trace (Adding route: POST /cart/update):
#0 /home/nathnael/dev/PHP/bookstore-webapp/app/utils/Router.php(11): Debug::logStackTrace()
    Arguments:
        #0: Adding route: POST /cart/update
#1 /home/nathnael/dev/PHP/bookstore-webapp/index.php(60): Router->addRoute()
    Arguments:
        #0: POST
        #1: /cart/update
        #2: object

[10-Jun-2025 11:48:31 UTC] 2025-06-10 11:48:31.726501 Stack Trace (Adding route: POST /cart/remove):
#0 /home/nathnael/dev/PHP/bookstore-webapp/app/utils/Router.php(11): Debug::logStackTrace()
    Arguments:
        #0: Adding route: POST /cart/remove
#1 /home/nathnael/dev/PHP/bookstore-webapp/index.php(64): Router->addRoute()
    Arguments:
        #0: POST
        #1: /cart/remove
        #2: object

[10-Jun-2025 11:48:31 UTC] 2025-06-10 11:48:31.726511 Stack Trace (Adding route: POST /cart/clear):
#0 /home/nathnael/dev/PHP/bookstore-webapp/app/utils/Router.php(11): Debug::logStackTrace()
    Arguments:
        #0: Adding route: POST /cart/clear
#1 /home/nathnael/dev/PHP/bookstore-webapp/index.php(68): Router->addRoute()
    Arguments:
        #0: POST
        #1: /cart/clear
        #2: object

[10-Jun-2025 11:48:31 UTC] 2025-06-10 11:48:31.726521 Stack Trace (Adding route: GET /cart/count):
#0 /home/nathnael/dev/PHP/bookstore-webapp/app/utils/Router.php(11): Debug::logStackTrace()
    Arguments:
        #0: Adding route: GET /cart/count
#1 /home/nathnael/dev/PHP/bookstore-webapp/index.php(72): Router->addRoute()
    Arguments:
        #0: GET
        #1: /cart/count
        #2: object

[10-Jun-2025 11:48:31 UTC] 2025-06-10 11:48:31.726530 Stack Trace (Adding route: GET /orders):
#0 /home/nathnael/dev/PHP/bookstore-webapp/app/utils/Router.php(11): Debug::logStackTrace()
    Arguments:
        #0: Adding route: GET /orders
#1 /home/nathnael/dev/PHP/bookstore-webapp/index.php(78): Router->addRoute()
    Arguments:
        #0: GET
        #1: /orders
        #2: object

[10-Jun-2025 11:48:31 UTC] 2025-06-10 11:48:31.726538 Stack Trace (Adding route: POST /orders/create):
#0 /home/nathnael/dev/PHP/bookstore-webapp/app/utils/Router.php(11): Debug::logStackTrace()
    Arguments:
        #0: Adding route: POST /orders/create
#1 /home/nathnael/dev/PHP/bookstore-webapp/index.php(82): Router->addRoute()
    Arguments:
        #0: POST
        #1: /orders/create
        #2: object

[10-Jun-2025 11:48:31 UTC] 2025-06-10 11:48:31.726547 Stack Trace (Adding route: GET /admin):
#0 /home/nathnael/dev/PHP/bookstore-webapp/app/utils/Router.php(11): Debug::logStackTrace()
    Arguments:
        #0: Adding route: GET /admin
#1 /home/nathnael/dev/PHP/bookstore-webapp/index.php(88): Router->addRoute()
    Arguments:
        #0: GET
        #1: /admin
        #2: object

[10-Jun-2025 11:48:31 UTC] 2025-06-10 11:48:31.726557 Stack Trace (Adding route: GET /admin/books):
#0 /home/nathnael/dev/PHP/bookstore-webapp/app/utils/Router.php(11): Debug::logStackTrace()
    Arguments:
        #0: Adding route: GET /admin/books
#1 /home/nathnael/dev/PHP/bookstore-webapp/index.php(92): Router->addRoute()
    Arguments:
        #0: GET
        #1: /admin/books
        #2: object

[10-Jun-2025 11:48:31 UTC] 2025-06-10 11:48:31.726568 Stack Trace (Adding route: GET /admin/books/create):
#0 /home/nathnael/dev/PHP/bookstore-webapp/app/utils/Router.php(11): Debug::logStackTrace()
    Arguments:
        #0: Adding route: GET /admin/books/create
#1 /home/nathnael/dev/PHP/bookstore-webapp/index.php(96): Router->addRoute()
    Arguments:
        #0: GET
        #1: /admin/books/create
        #2: object

[10-Jun-2025 11:48:31 UTC] 2025-06-10 11:48:31.726578 Stack Trace (Adding route: POST /admin/books/create):
#0 /home/nathnael/dev/PHP/bookstore-webapp/app/utils/Router.php(11): Debug::logStackTrace()
    Arguments:
        #0: Adding route: POST /admin/books/create
#1 /home/nathnael/dev/PHP/bookstore-webapp/index.php(100): Router->addRoute()
    Arguments:
        #0: POST
        #1: /admin/books/create
        #2: object

[10-Jun-2025 11:48:31 UTC] 2025-06-10 11:48:31.726588 Stack Trace (Adding route: GET /admin/books/edit/{id}):
#0 /home/nathnael/dev/PHP/bookstore-webapp/app/utils/Router.php(11): Debug::logStackTrace()
    Arguments:
        #0: Adding route: GET /admin/books/edit/{id}
#1 /home/nathnael/dev/PHP/bookstore-webapp/index.php(104): Router->addRoute()
    Arguments:
        #0: GET
        #1: /admin/books/edit/{id}
        #2: object

[10-Jun-2025 11:48:31 UTC] 2025-06-10 11:48:31.726598 Stack Trace (Adding route: POST /admin/books/edit/{id}):
#0 /home/nathnael/dev/PHP/bookstore-webapp/app/utils/Router.php(11): Debug::logStackTrace()
    Arguments:
        #0: Adding route: POST /admin/books/edit/{id}
#1 /home/nathnael/dev/PHP/bookstore-webapp/index.php(108): Router->addRoute()
    Arguments:
        #0: POST
        #1: /admin/books/edit/{id}
        #2: object

[10-Jun-2025 11:48:31 UTC] 2025-06-10 11:48:31.726607 Stack Trace (Adding route: POST /admin/books/delete/{id}):
#0 /home/nathnael/dev/PHP/bookstore-webapp/app/utils/Router.php(11): Debug::logStackTrace()
    Arguments:
        #0: Adding route: POST /admin/books/delete/{id}
#1 /home/nathnael/dev/PHP/bookstore-webapp/index.php(112): Router->addRoute()
    Arguments:
        #0: POST
        #1: /admin/books/delete/{id}
        #2: object

[10-Jun-2025 11:48:31 UTC] 2025-06-10 11:48:31.726618 Stack Trace (Adding route: GET /admin/users):
#0 /home/nathnael/dev/PHP/bookstore-webapp/app/utils/Router.php(11): Debug::logStackTrace()
    Arguments:
        #0: Adding route: GET /admin/users
#1 /home/nathnael/dev/PHP/bookstore-webapp/index.php(117): Router->addRoute()
    Arguments:
        #0: GET
        #1: /admin/users
        #2: object

[10-Jun-2025 11:48:31 UTC] 2025-06-10 11:48:31.726653 Stack Trace (Adding route: GET /admin/users/create):
#0 /home/nathnael/dev/PHP/bookstore-webapp/app/utils/Router.php(11): Debug::logStackTrace()
    Arguments:
        #0: Adding route: GET /admin/users/create
#1 /home/nathnael/dev/PHP/bookstore-webapp/index.php(121): Router->addRoute()
    Arguments:
        #0: GET
        #1: /admin/users/create
        #2: object

[10-Jun-2025 11:48:31 UTC] 2025-06-10 11:48:31.726664 Stack Trace (Adding route: POST /admin/users/create):
#0 /home/nathnael/dev/PHP/bookstore-webapp/app/utils/Router.php(11): Debug::logStackTrace()
    Arguments:
        #0: Adding route: POST /admin/users/create
#1 /home/nathnael/dev/PHP/bookstore-webapp/index.php(125): Router->addRoute()
    Arguments:
        #0: POST
        #1: /admin/users/create
        #2: object

[10-Jun-2025 11:48:31 UTC] 2025-06-10 11:48:31.726674 Stack Trace (Adding route: GET /admin/users/edit/{id}):
#0 /home/nathnael/dev/PHP/bookstore-webapp/app/utils/Router.php(11): Debug::logStackTrace()
    Arguments:
        #0: Adding route: GET /admin/users/edit/{id}
#1 /home/nathnael/dev/PHP/bookstore-webapp/index.php(129): Router->addRoute()
    Arguments:
        #0: GET
        #1: /admin/users/edit/{id}
        #2: object

[10-Jun-2025 11:48:31 UTC] 2025-06-10 11:48:31.726687 Stack Trace (Adding route: POST /admin/users/edit/{id}):
#0 /home/nathnael/dev/PHP/bookstore-webapp/app/utils/Router.php(11): Debug::logStackTrace()
    Arguments:
        #0: Adding route: POST /admin/users/edit/{id}
#1 /home/nathnael/dev/PHP/bookstore-webapp/index.php(133): Router->addRoute()
    Arguments:
        #0: POST
        #1: /admin/users/edit/{id}
        #2: object

[10-Jun-2025 11:48:31 UTC] 2025-06-10 11:48:31.726697 Stack Trace (Adding route: POST /admin/users/delete/{id}):
#0 /home/nathnael/dev/PHP/bookstore-webapp/app/utils/Router.php(11): Debug::logStackTrace()
    Arguments:
        #0: Adding route: POST /admin/users/delete/{id}
#1 /home/nathnael/dev/PHP/bookstore-webapp/index.php(137): Router->addRoute()
    Arguments:
        #0: POST
        #1: /admin/users/delete/{id}
        #2: object

[10-Jun-2025 11:48:31 UTC] 2025-06-10 11:48:31.726706 Stack Trace (Adding route: GET /admin/categories):
#0 /home/nathnael/dev/PHP/bookstore-webapp/app/utils/Router.php(11): Debug::logStackTrace()
    Arguments:
        #0: Adding route: GET /admin/categories
#1 /home/nathnael/dev/PHP/bookstore-webapp/index.php(142): Router->addRoute()
    Arguments:
        #0: GET
        #1: /admin/categories
        #2: object

[10-Jun-2025 11:48:31 UTC] 2025-06-10 11:48:31.726717 Stack Trace (Adding route: GET /admin/categories/create):
#0 /home/nathnael/dev/PHP/bookstore-webapp/app/utils/Router.php(11): Debug::logStackTrace()
    Arguments:
        #0: Adding route: GET /admin/categories/create
#1 /home/nathnael/dev/PHP/bookstore-webapp/index.php(146): Router->addRoute()
    Arguments:
        #0: GET
        #1: /admin/categories/create
        #2: object

[10-Jun-2025 11:48:31 UTC] 2025-06-10 11:48:31.726727 Stack Trace (Adding route: POST /admin/categories/create):
#0 /home/nathnael/dev/PHP/bookstore-webapp/app/utils/Router.php(11): Debug::logStackTrace()
    Arguments:
        #0: Adding route: POST /admin/categories/create
#1 /home/nathnael/dev/PHP/bookstore-webapp/index.php(150): Router->addRoute()
    Arguments:
        #0: POST
        #1: /admin/categories/create
        #2: object

[10-Jun-2025 11:48:31 UTC] 2025-06-10 11:48:31.726737 Stack Trace (Adding route: GET /admin/categories/edit/{id}):
#0 /home/nathnael/dev/PHP/bookstore-webapp/app/utils/Router.php(11): Debug::logStackTrace()
    Arguments:
        #0: Adding route: GET /admin/categories/edit/{id}
#1 /home/nathnael/dev/PHP/bookstore-webapp/index.php(154): Router->addRoute()
    Arguments:
        #0: GET
        #1: /admin/categories/edit/{id}
        #2: object

[10-Jun-2025 11:48:31 UTC] 2025-06-10 11:48:31.726751 Stack Trace (Adding route: POST /admin/categories/edit/{id}):
#0 /home/nathnael/dev/PHP/bookstore-webapp/app/utils/Router.php(11): Debug::logStackTrace()
    Arguments:
        #0: Adding route: POST /admin/categories/edit/{id}
#1 /home/nathnael/dev/PHP/bookstore-webapp/index.php(158): Router->addRoute()
    Arguments:
        #0: POST
        #1: /admin/categories/edit/{id}
        #2: object

[10-Jun-2025 11:48:31 UTC] 2025-06-10 11:48:31.726759 Stack Trace (Adding route: POST /admin/categories/delete/{id}):
#0 /home/nathnael/dev/PHP/bookstore-webapp/app/utils/Router.php(11): Debug::logStackTrace()
    Arguments:
        #0: Adding route: POST /admin/categories/delete/{id}
#1 /home/nathnael/dev/PHP/bookstore-webapp/index.php(162): Router->addRoute()
    Arguments:
        #0: POST
        #1: /admin/categories/delete/{id}
        #2: object

[10-Jun-2025 11:48:31 UTC] 2025-06-10 11:48:31.726771 Stack Trace (Adding route: GET /admin/orders):
#0 /home/nathnael/dev/PHP/bookstore-webapp/app/utils/Router.php(11): Debug::logStackTrace()
    Arguments:
        #0: Adding route: GET /admin/orders
#1 /home/nathnael/dev/PHP/bookstore-webapp/index.php(167): Router->addRoute()
    Arguments:
        #0: GET
        #1: /admin/orders
        #2: object

[10-Jun-2025 11:48:31 UTC] 2025-06-10 11:48:31.726782 Stack Trace (Adding route: GET /admin/orders/{id}):
#0 /home/nathnael/dev/PHP/bookstore-webapp/app/utils/Router.php(11): Debug::logStackTrace()
    Arguments:
        #0: Adding route: GET /admin/orders/{id}
#1 /home/nathnael/dev/PHP/bookstore-webapp/index.php(171): Router->addRoute()
    Arguments:
        #0: GET
        #1: /admin/orders/{id}
        #2: object

[10-Jun-2025 11:48:31 UTC] 2025-06-10 11:48:31.726794 Stack Trace (Adding route: POST /admin/orders/{id}/process):
#0 /home/nathnael/dev/PHP/bookstore-webapp/app/utils/Router.php(11): Debug::logStackTrace()
    Arguments:
        #0: Adding route: POST /admin/orders/{id}/process
#1 /home/nathnael/dev/PHP/bookstore-webapp/index.php(175): Router->addRoute()
    Arguments:
        #0: POST
        #1: /admin/orders/{id}/process
        #2: object

[10-Jun-2025 11:48:31 UTC] 2025-06-10 11:48:31.726804 Stack Trace (Adding route: POST /admin/orders/{id}/complete):
#0 /home/nathnael/dev/PHP/bookstore-webapp/app/utils/Router.php(11): Debug::logStackTrace()
    Arguments:
        #0: Adding route: POST /admin/orders/{id}/complete
#1 /home/nathnael/dev/PHP/bookstore-webapp/index.php(179): Router->addRoute()
    Arguments:
        #0: POST
        #1: /admin/orders/{id}/complete
        #2: object

[10-Jun-2025 11:48:31 UTC] 2025-06-10 11:48:31.726814 Stack Trace (Adding route: POST /admin/orders/{id}/cancel):
#0 /home/nathnael/dev/PHP/bookstore-webapp/app/utils/Router.php(11): Debug::logStackTrace()
    Arguments:
        #0: Adding route: POST /admin/orders/{id}/cancel
#1 /home/nathnael/dev/PHP/bookstore-webapp/index.php(183): Router->addRoute()
    Arguments:
        #0: POST
        #1: /admin/orders/{id}/cancel
        #2: object

[10-Jun-2025 11:48:31 UTC] 2025-06-10 11:48:31.726823 Stack Trace (Adding route: POST /admin/users/add):
#0 /home/nathnael/dev/PHP/bookstore-webapp/app/utils/Router.php(11): Debug::logStackTrace()
    Arguments:
        #0: Adding route: POST /admin/users/add
#1 /home/nathnael/dev/PHP/bookstore-webapp/index.php(189): Router->addRoute()
    Arguments:
        #0: POST
        #1: /admin/users/add
        #2: object

[10-Jun-2025 11:48:31 UTC] 2025-06-10 11:48:31.726831 Stack Trace (Routes configured, starting dispatch):
#0 /home/nathnael/dev/PHP/bookstore-webapp/index.php(194): Debug::logStackTrace()
    Arguments:
        #0: Routes configured, starting dispatch

[10-Jun-2025 11:48:31 UTC] 2025-06-10 11:48:31.726841 Request Info:
Method: GET
URI: /admin
Query String: none
Session ID: smkii9874lpug9oo8bcboikrc7
Session Data: Array
(
    [user_id] => 1
    [is_admin] => 1
    [user_name] => Admin User
)

Headers:
HOST: localhost:8000
USER-AGENT: Mozilla/5.0 (X11; Linux x86_64; rv:128.0) Gecko/20100101 Firefox/128.0
ACCEPT: text/html,application/xhtml+xml,application/xml;q=0.9,*/*;q=0.8
ACCEPT-LANGUAGE: en-US,en;q=0.5
ACCEPT-ENCODING: gzip, deflate, br, zstd
REFERER: http://localhost:8000/login
CONNECTION: keep-alive
COOKIE: csrftoken=MdrqUGeVKwYctJEMCsW27stIV0cYNax7; PHPSESSID=smkii9874lpug9oo8bcboikrc7
UPGRADE-INSECURE-REQUESTS: 1
SEC-FETCH-DEST: document
SEC-FETCH-MODE: navigate
SEC-FETCH-SITE: same-origin
SEC-FETCH-USER: ?1
DNT: 1
SEC-GPC: 1
PRIORITY: u=0, i


[10-Jun-2025 11:48:31 UTC] 2025-06-10 11:48:31.726867 Stack Trace (Starting dispatch):
#0 /home/nathnael/dev/PHP/bookstore-webapp/app/utils/Router.php(59): Debug::logStackTrace()
    Arguments:
        #0: Starting dispatch
#1 /home/nathnael/dev/PHP/bookstore-webapp/index.php(195): Router->dispatch()

[10-Jun-2025 11:48:31 UTC] 2025-06-10 11:48:31.726881 Stack Trace (Dispatching request: GET /admin):
#0 /home/nathnael/dev/PHP/bookstore-webapp/app/utils/Router.php(64): Debug::logStackTrace()
    Arguments:
        #0: Dispatching request: GET /admin
#1 /home/nathnael/dev/PHP/bookstore-webapp/index.php(195): Router->dispatch()

[10-Jun-2025 11:48:31 UTC] 2025-06-10 11:48:31.726891 Stack Trace (Matching route: GET /admin):
#0 /home/nathnael/dev/PHP/bookstore-webapp/app/utils/Router.php(21): Debug::logStackTrace()
    Arguments:
        #0: Matching route: GET /admin
#1 /home/nathnael/dev/PHP/bookstore-webapp/app/utils/Router.php(66): Router->matchRoute()
    Arguments:
        #0: GET
        #1: /admin
#2 /home/nathnael/dev/PHP/bookstore-webapp/index.php(195): Router->dispatch()

[10-Jun-2025 11:48:31 UTC] 2025-06-10 11:48:31.726905 Stack Trace (Checking against route: GET /login):
#0 /home/nathnael/dev/PHP/bookstore-webapp/app/utils/Router.php(23): Debug::logStackTrace()
    Arguments:
        #0: Checking against route: GET /login
#1 /home/nathnael/dev/PHP/bookstore-webapp/app/utils/Router.php(66): Router->matchRoute()
    Arguments:
        #0: GET
        #1: /admin
#2 /home/nathnael/dev/PHP/bookstore-webapp/index.php(195): Router->dispatch()

[10-Jun-2025 11:48:31 UTC] 2025-06-10 11:48:31.726921 Stack Trace (Testing pattern: /^\/login$/ against path: /admin):
#0 /home/nathnael/dev/PHP/bookstore-webapp/app/utils/Router.php(35): Debug::logStackTrace()
    Arguments:
        #0: Testing pattern: /^\/login$/ against path: /admin
#1 /home/nathnael/dev/PHP/bookstore-webapp/app/utils/Router.php(66): Router->matchRoute()
    Arguments:
        #0: GET
        #1: /admin
#2 /home/nathnael/dev/PHP/bookstore-webapp/index.php(195): Router->dispatch()

[10-Jun-2025 11:48:31 UTC] 2025-06-10 11:48:31.726933 Stack Trace (Pattern did not match):
#0 /home/nathnael/dev/PHP/bookstore-webapp/app/utils/Router.php(50): Debug::logStackTrace()
    Arguments:
        #0: Pattern did not match
#1 /home/nathnael/dev/PHP/bookstore-webapp/app/utils/Router.php(66): Router->matchRoute()
    Arguments:
        #0: GET
        #1: /admin
#2 /home/nathnael/dev/PHP/bookstore-webapp/index.php(195): Router->dispatch()

[10-Jun-2025 11:48:31 UTC] 2025-06-10 11:48:31.726943 Stack Trace (Checking against route: POST /login):
#0 /home/nathnael/dev/PHP/bookstore-webapp/app/utils/Router.php(23): Debug::logStackTrace()
    Arguments:
        #0: Checking against route: POST /login
#1 /home/nathnael/dev/PHP/bookstore-webapp/app/utils/Router.php(66): Router->matchRoute()
    Arguments:
        #0: GET
        #1: /admin
#2 /home/nathnael/dev/PHP/bookstore-webapp/index.php(195): Router->dispatch()

[10-Jun-2025 11:48:31 UTC] 2025-06-10 11:48:31.726953 Stack Trace (Method mismatch: POST != GET):
#0 /home/nathnael/dev/PHP/bookstore-webapp/app/utils/Router.php(26): Debug::logStackTrace()
    Arguments:
        #0: Method mismatch: POST != GET
#1 /home/nathnael/dev/PHP/bookstore-webapp/app/utils/Router.php(66): Router->matchRoute()
    Arguments:
        #0: GET
        #1: /admin
#2 /home/nathnael/dev/PHP/bookstore-webapp/index.php(195): Router->dispatch()

[10-Jun-2025 11:48:31 UTC] 2025-06-10 11:48:31.726963 Stack Trace (Checking against route: GET /register):
#0 /home/nathnael/dev/PHP/bookstore-webapp/app/utils/Router.php(23): Debug::logStackTrace()
    Arguments:
        #0: Checking against route: GET /register
#1 /home/nathnael/dev/PHP/bookstore-webapp/app/utils/Router.php(66): Router->matchRoute()
    Arguments:
        #0: GET
        #1: /admin
#2 /home/nathnael/dev/PHP/bookstore-webapp/index.php(195): Router->dispatch()

[10-Jun-2025 11:48:31 UTC] 2025-06-10 11:48:31.726970 Stack Trace (Testing pattern: /^\/register$/ against path: /admin):
#0 /home/nathnael/dev/PHP/bookstore-webapp/app/utils/Router.php(35): Debug::logStackTrace()
    Arguments:
        #0: Testing pattern: /^\/register$/ against path: /admin
#1 /home/nathnael/dev/PHP/bookstore-webapp/app/utils/Router.php(66): Router->matchRoute()
    Arguments:
        #0: GET
        #1: /admin
#2 /home/nathnael/dev/PHP/bookstore-webapp/index.php(195): Router->dispatch()

[10-Jun-2025 11:48:31 UTC] 2025-06-10 11:48:31.726979 Stack Trace (Pattern did not match):
#0 /home/nathnael/dev/PHP/bookstore-webapp/app/utils/Router.php(50): Debug::logStackTrace()
    Arguments:
        #0: Pattern did not match
#1 /home/nathnael/dev/PHP/bookstore-webapp/app/utils/Router.php(66): Router->matchRoute()
    Arguments:
        #0: GET
        #1: /admin
#2 /home/nathnael/dev/PHP/bookstore-webapp/index.php(195): Router->dispatch()

[10-Jun-2025 11:48:31 UTC] 2025-06-10 11:48:31.726989 Stack Trace (Checking against route: POST /register):
#0 /home/nathnael/dev/PHP/bookstore-webapp/app/utils/Router.php(23): Debug::logStackTrace()
    Arguments:
        #0: Checking against route: POST /register
#1 /home/nathnael/dev/PHP/bookstore-webapp/app/utils/Router.php(66): Router->matchRoute()
    Arguments:
        #0: GET
        #1: /admin
#2 /home/nathnael/dev/PHP/bookstore-webapp/index.php(195): Router->dispatch()

[10-Jun-2025 11:48:31 UTC] 2025-06-10 11:48:31.727000 Stack Trace (Method mismatch: POST != GET):
#0 /home/nathnael/dev/PHP/bookstore-webapp/app/utils/Router.php(26): Debug::logStackTrace()
    Arguments:
        #0: Method mismatch: POST != GET
#1 /home/nathnael/dev/PHP/bookstore-webapp/app/utils/Router.php(66): Router->matchRoute()
    Arguments:
        #0: GET
        #1: /admin
#2 /home/nathnael/dev/PHP/bookstore-webapp/index.php(195): Router->dispatch()

[10-Jun-2025 11:48:31 UTC] 2025-06-10 11:48:31.727010 Stack Trace (Checking against route: GET /logout):
#0 /home/nathnael/dev/PHP/bookstore-webapp/app/utils/Router.php(23): Debug::logStackTrace()
    Arguments:
        #0: Checking against route: GET /logout
#1 /home/nathnael/dev/PHP/bookstore-webapp/app/utils/Router.php(66): Router->matchRoute()
    Arguments:
        #0: GET
        #1: /admin
#2 /home/nathnael/dev/PHP/bookstore-webapp/index.php(195): Router->dispatch()

[10-Jun-2025 11:48:31 UTC] 2025-06-10 11:48:31.727020 Stack Trace (Testing pattern: /^\/logout$/ against path: /admin):
#0 /home/nathnael/dev/PHP/bookstore-webapp/app/utils/Router.php(35): Debug::logStackTrace()
    Arguments:
        #0: Testing pattern: /^\/logout$/ against path: /admin
#1 /home/nathnael/dev/PHP/bookstore-webapp/app/utils/Router.php(66): Router->matchRoute()
    Arguments:
        #0: GET
        #1: /admin
#2 /home/nathnael/dev/PHP/bookstore-webapp/index.php(195): Router->dispatch()

[10-Jun-2025 11:48:31 UTC] 2025-06-10 11:48:31.727030 Stack Trace (Pattern did not match):
#0 /home/nathnael/dev/PHP/bookstore-webapp/app/utils/Router.php(50): Debug::logStackTrace()
    Arguments:
        #0: Pattern did not match
#1 /home/nathnael/dev/PHP/bookstore-webapp/app/utils/Router.php(66): Router->matchRoute()
    Arguments:
        #0: GET
        #1: /admin
#2 /home/nathnael/dev/PHP/bookstore-webapp/index.php(195): Router->dispatch()

[10-Jun-2025 11:48:31 UTC] 2025-06-10 11:48:31.727040 Stack Trace (Checking against route: GET /):
#0 /home/nathnael/dev/PHP/bookstore-webapp/app/utils/Router.php(23): Debug::logStackTrace()
    Arguments:
        #0: Checking against route: GET /
#1 /home/nathnael/dev/PHP/bookstore-webapp/app/utils/Router.php(66): Router->matchRoute()
    Arguments:
        #0: GET
        #1: /admin
#2 /home/nathnael/dev/PHP/bookstore-webapp/index.php(195): Router->dispatch()

[10-Jun-2025 11:48:31 UTC] 2025-06-10 11:48:31.727050 Stack Trace (Testing pattern: /^\/$/ against path: /admin):
#0 /home/nathnael/dev/PHP/bookstore-webapp/app/utils/Router.php(35): Debug::logStackTrace()
    Arguments:
        #0: Testing pattern: /^\/$/ against path: /admin
#1 /home/nathnael/dev/PHP/bookstore-webapp/app/utils/Router.php(66): Router->matchRoute()
    Arguments:
        #0: GET
        #1: /admin
#2 /home/nathnael/dev/PHP/bookstore-webapp/index.php(195): Router->dispatch()

[10-Jun-2025 11:48:31 UTC] 2025-06-10 11:48:31.727060 Stack Trace (Pattern did not match):
#0 /home/nathnael/dev/PHP/bookstore-webapp/app/utils/Router.php(50): Debug::logStackTrace()
    Arguments:
        #0: Pattern did not match
#1 /home/nathnael/dev/PHP/bookstore-webapp/app/utils/Router.php(66): Router->matchRoute()
    Arguments:
        #0: GET
        #1: /admin
#2 /home/nathnael/dev/PHP/bookstore-webapp/index.php(195): Router->dispatch()

[10-Jun-2025 11:48:31 UTC] 2025-06-10 11:48:31.727070 Stack Trace (Checking against route: GET /books):
#0 /home/nathnael/dev/PHP/bookstore-webapp/app/utils/Router.php(23): Debug::logStackTrace()
    Arguments:
        #0: Checking against route: GET /books
#1 /home/nathnael/dev/PHP/bookstore-webapp/app/utils/Router.php(66): Router->matchRoute()
    Arguments:
        #0: GET
        #1: /admin
#2 /home/nathnael/dev/PHP/bookstore-webapp/index.php(195): Router->dispatch()

[10-Jun-2025 11:48:31 UTC] 2025-06-10 11:48:31.727082 Stack Trace (Testing pattern: /^\/books$/ against path: /admin):
#0 /home/nathnael/dev/PHP/bookstore-webapp/app/utils/Router.php(35): Debug::logStackTrace()
    Arguments:
        #0: Testing pattern: /^\/books$/ against path: /admin
#1 /home/nathnael/dev/PHP/bookstore-webapp/app/utils/Router.php(66): Router->matchRoute()
    Arguments:
        #0: GET
        #1: /admin
#2 /home/nathnael/dev/PHP/bookstore-webapp/index.php(195): Router->dispatch()

[10-Jun-2025 11:48:31 UTC] 2025-06-10 11:48:31.727092 Stack Trace (Pattern did not match):
#0 /home/nathnael/dev/PHP/bookstore-webapp/app/utils/Router.php(50): Debug::logStackTrace()
    Arguments:
        #0: Pattern did not match
#1 /home/nathnael/dev/PHP/bookstore-webapp/app/utils/Router.php(66): Router->matchRoute()
    Arguments:
        #0: GET
        #1: /admin
#2 /home/nathnael/dev/PHP/bookstore-webapp/index.php(195): Router->dispatch()

[10-Jun-2025 11:48:31 UTC] 2025-06-10 11:48:31.727102 Stack Trace (Checking against route: GET /books/{id}):
#0 /home/nathnael/dev/PHP/bookstore-webapp/app/utils/Router.php(23): Debug::logStackTrace()
    Arguments:
        #0: Checking against route: GET /books/{id}
#1 /home/nathnael/dev/PHP/bookstore-webapp/app/utils/Router.php(66): Router->matchRoute()
    Arguments:
        #0: GET
        #1: /admin
#2 /home/nathnael/dev/PHP/bookstore-webapp/index.php(195): Router->dispatch()

[10-Jun-2025 11:48:31 UTC] 2025-06-10 11:48:31.727116 Stack Trace (Testing pattern: /^\/books\/(?P<id>[^\/]+)$/ against path: /admin):
#0 /home/nathnael/dev/PHP/bookstore-webapp/app/utils/Router.php(35): Debug::logStackTrace()
    Arguments:
        #0: Testing pattern: /^\/books\/(?P<id>[^\/]+)$/ against path: /admin
#1 /home/nathnael/dev/PHP/bookstore-webapp/app/utils/Router.php(66): Router->matchRoute()
    Arguments:
        #0: GET
        #1: /admin
#2 /home/nathnael/dev/PHP/bookstore-webapp/index.php(195): Router->dispatch()

[10-Jun-2025 11:48:31 UTC] 2025-06-10 11:48:31.727125 Stack Trace (Pattern did not match):
#0 /home/nathnael/dev/PHP/bookstore-webapp/app/utils/Router.php(50): Debug::logStackTrace()
    Arguments:
        #0: Pattern did not match
#1 /home/nathnael/dev/PHP/bookstore-webapp/app/utils/Router.php(66): Router->matchRoute()
    Arguments:
        #0: GET
        #1: /admin
#2 /home/nathnael/dev/PHP/bookstore-webapp/index.php(195): Router->dispatch()

[10-Jun-2025 11:48:31 UTC] 2025-06-10 11:48:31.727134 Stack Trace (Checking against route: GET /books/title/{title}):
#0 /home/nathnael/dev/PHP/bookstore-webapp/app/utils/Router.php(23): Debug::logStackTrace()
    Arguments:
        #0: Checking against route: GET /books/title/{title}
#1 /home/nathnael/dev/PHP/bookstore-webapp/app/utils/Router.php(66): Router->matchRoute()
    Arguments:
        #0: GET
        #1: /admin
#2 /home/nathnael/dev/PHP/bookstore-webapp/index.php(195): Router->dispatch()

[10-Jun-2025 11:48:31 UTC] 2025-06-10 11:48:31.727142 Stack Trace (Testing pattern: /^\/books\/title\/(?P<title>[^\/]+)$/ against path: /admin):
#0 /home/nathnael/dev/PHP/bookstore-webapp/app/utils/Router.php(35): Debug::logStackTrace()
    Arguments:
        #0: Testing pattern: /^\/books\/title\/(?P<title>[^\/]+)$/ against path: /admin
#1 /home/nathnael/dev/PHP/bookstore-webapp/app/utils/Router.php(66): Router->matchRoute()
    Arguments:
        #0: GET
        #1: /admin
#2 /home/nathnael/dev/PHP/bookstore-webapp/index.php(195): Router->dispatch()

[10-Jun-2025 11:48:31 UTC] 2025-06-10 11:48:31.727148 Stack Trace (Pattern did not match):
#0 /home/nathnael/dev/PHP/bookstore-webapp/app/utils/Router.php(50): Debug::logStackTrace()
    Arguments:
        #0: Pattern did not match
#1 /home/nathnael/dev/PHP/bookstore-webapp/app/utils/Router.php(66): Router->matchRoute()
    Arguments:
        #0: GET
        #1: /admin
#2 /home/nathnael/dev/PHP/bookstore-webapp/index.php(195): Router->dispatch()

[10-Jun-2025 11:48:31 UTC] 2025-06-10 11:48:31.727153 Stack Trace (Checking against route: GET /cart):
#0 /home/nathnael/dev/PHP/bookstore-webapp/app/utils/Router.php(23): Debug::logStackTrace()
    Arguments:
        #0: Checking against route: GET /cart
#1 /home/nathnael/dev/PHP/bookstore-webapp/app/utils/Router.php(66): Router->matchRoute()
    Arguments:
        #0: GET
        #1: /admin
#2 /home/nathnael/dev/PHP/bookstore-webapp/index.php(195): Router->dispatch()

[10-Jun-2025 11:48:31 UTC] 2025-06-10 11:48:31.727161 Stack Trace (Testing pattern: /^\/cart$/ against path: /admin):
#0 /home/nathnael/dev/PHP/bookstore-webapp/app/utils/Router.php(35): Debug::logStackTrace()
    Arguments:
        #0: Testing pattern: /^\/cart$/ against path: /admin
#1 /home/nathnael/dev/PHP/bookstore-webapp/app/utils/Router.php(66): Router->matchRoute()
    Arguments:
        #0: GET
        #1: /admin
#2 /home/nathnael/dev/PHP/bookstore-webapp/index.php(195): Router->dispatch()

[10-Jun-2025 11:48:31 UTC] 2025-06-10 11:48:31.727168 Stack Trace (Pattern did not match):
#0 /home/nathnael/dev/PHP/bookstore-webapp/app/utils/Router.php(50): Debug::logStackTrace()
    Arguments:
        #0: Pattern did not match
#1 /home/nathnael/dev/PHP/bookstore-webapp/app/utils/Router.php(66): Router->matchRoute()
    Arguments:
        #0: GET
        #1: /admin
#2 /home/nathnael/dev/PHP/bookstore-webapp/index.php(195): Router->dispatch()

[10-Jun-2025 11:48:31 UTC] 2025-06-10 11:48:31.727176 Stack Trace (Checking against route: POST /cart/add):
#0 /home/nathnael/dev/PHP/bookstore-webapp/app/utils/Router.php(23): Debug::logStackTrace()
    Arguments:
        #0: Checking against route: POST /cart/add
#1 /home/nathnael/dev/PHP/bookstore-webapp/app/utils/Router.php(66): Router->matchRoute()
    Arguments:
        #0: GET
        #1: /admin
#2 /home/nathnael/dev/PHP/bookstore-webapp/index.php(195): Router->dispatch()

[10-Jun-2025 11:48:31 UTC] 2025-06-10 11:48:31.727185 Stack Trace (Method mismatch: POST != GET):
#0 /home/nathnael/dev/PHP/bookstore-webapp/app/utils/Router.php(26): Debug::logStackTrace()
    Arguments:
        #0: Method mismatch: POST != GET
#1 /home/nathnael/dev/PHP/bookstore-webapp/app/utils/Router.php(66): Router->matchRoute()
    Arguments:
        #0: GET
        #1: /admin
#2 /home/nathnael/dev/PHP/bookstore-webapp/index.php(195): Router->dispatch()

[10-Jun-2025 11:48:31 UTC] 2025-06-10 11:48:31.727194 Stack Trace (Checking against route: POST /cart/update):
#0 /home/nathnael/dev/PHP/bookstore-webapp/app/utils/Router.php(23): Debug::logStackTrace()
    Arguments:
        #0: Checking against route: POST /cart/update
#1 /home/nathnael/dev/PHP/bookstore-webapp/app/utils/Router.php(66): Router->matchRoute()
    Arguments:
        #0: GET
        #1: /admin
#2 /home/nathnael/dev/PHP/bookstore-webapp/index.php(195): Router->dispatch()

[10-Jun-2025 11:48:31 UTC] 2025-06-10 11:48:31.727202 Stack Trace (Method mismatch: POST != GET):
#0 /home/nathnael/dev/PHP/bookstore-webapp/app/utils/Router.php(26): Debug::logStackTrace()
    Arguments:
        #0: Method mismatch: POST != GET
#1 /home/nathnael/dev/PHP/bookstore-webapp/app/utils/Router.php(66): Router->matchRoute()
    Arguments:
        #0: GET
        #1: /admin
#2 /home/nathnael/dev/PHP/bookstore-webapp/index.php(195): Router->dispatch()

[10-Jun-2025 11:48:31 UTC] 2025-06-10 11:48:31.727211 Stack Trace (Checking against route: POST /cart/remove):
#0 /home/nathnael/dev/PHP/bookstore-webapp/app/utils/Router.php(23): Debug::logStackTrace()
    Arguments:
        #0: Checking against route: POST /cart/remove
#1 /home/nathnael/dev/PHP/bookstore-webapp/app/utils/Router.php(66): Router->matchRoute()
    Arguments:
        #0: GET
        #1: /admin
#2 /home/nathnael/dev/PHP/bookstore-webapp/index.php(195): Router->dispatch()

[10-Jun-2025 11:48:31 UTC] 2025-06-10 11:48:31.727221 Stack Trace (Method mismatch: POST != GET):
#0 /home/nathnael/dev/PHP/bookstore-webapp/app/utils/Router.php(26): Debug::logStackTrace()
    Arguments:
        #0: Method mismatch: POST != GET
#1 /home/nathnael/dev/PHP/bookstore-webapp/app/utils/Router.php(66): Router->matchRoute()
    Arguments:
        #0: GET
        #1: /admin
#2 /home/nathnael/dev/PHP/bookstore-webapp/index.php(195): Router->dispatch()

[10-Jun-2025 11:48:31 UTC] 2025-06-10 11:48:31.727232 Stack Trace (Checking against route: POST /cart/clear):
#0 /home/nathnael/dev/PHP/bookstore-webapp/app/utils/Router.php(23): Debug::logStackTrace()
    Arguments:
        #0: Checking against route: POST /cart/clear
#1 /home/nathnael/dev/PHP/bookstore-webapp/app/utils/Router.php(66): Router->matchRoute()
    Arguments:
        #0: GET
        #1: /admin
#2 /home/nathnael/dev/PHP/bookstore-webapp/index.php(195): Router->dispatch()

[10-Jun-2025 11:48:31 UTC] 2025-06-10 11:48:31.727241 Stack Trace (Method mismatch: POST != GET):
#0 /home/nathnael/dev/PHP/bookstore-webapp/app/utils/Router.php(26): Debug::logStackTrace()
    Arguments:
        #0: Method mismatch: POST != GET
#1 /home/nathnael/dev/PHP/bookstore-webapp/app/utils/Router.php(66): Router->matchRoute()
    Arguments:
        #0: GET
        #1: /admin
#2 /home/nathnael/dev/PHP/bookstore-webapp/index.php(195): Router->dispatch()

[10-Jun-2025 11:48:31 UTC] 2025-06-10 11:48:31.727252 Stack Trace (Checking against route: GET /cart/count):
#0 /home/nathnael/dev/PHP/bookstore-webapp/app/utils/Router.php(23): Debug::logStackTrace()
    Arguments:
        #0: Checking against route: GET /cart/count
#1 /home/nathnael/dev/PHP/bookstore-webapp/app/utils/Router.php(66): Router->matchRoute()
    Arguments:
        #0: GET
        #1: /admin
#2 /home/nathnael/dev/PHP/bookstore-webapp/index.php(195): Router->dispatch()

[10-Jun-2025 11:48:31 UTC] 2025-06-10 11:48:31.727262 Stack Trace (Testing pattern: /^\/cart\/count$/ against path: /admin):
#0 /home/nathnael/dev/PHP/bookstore-webapp/app/utils/Router.php(35): Debug::logStackTrace()
    Arguments:
        #0: Testing pattern: /^\/cart\/count$/ against path: /admin
#1 /home/nathnael/dev/PHP/bookstore-webapp/app/utils/Router.php(66): Router->matchRoute()
    Arguments:
        #0: GET
        #1: /admin
#2 /home/nathnael/dev/PHP/bookstore-webapp/index.php(195): Router->dispatch()

[10-Jun-2025 11:48:31 UTC] 2025-06-10 11:48:31.727272 Stack Trace (Pattern did not match):
#0 /home/nathnael/dev/PHP/bookstore-webapp/app/utils/Router.php(50): Debug::logStackTrace()
    Arguments:
        #0: Pattern did not match
#1 /home/nathnael/dev/PHP/bookstore-webapp/app/utils/Router.php(66): Router->matchRoute()
    Arguments:
        #0: GET
        #1: /admin
#2 /home/nathnael/dev/PHP/bookstore-webapp/index.php(195): Router->dispatch()

[10-Jun-2025 11:48:31 UTC] 2025-06-10 11:48:31.727282 Stack Trace (Checking against route: GET /orders):
#0 /home/nathnael/dev/PHP/bookstore-webapp/app/utils/Router.php(23): Debug::logStackTrace()
    Arguments:
        #0: Checking against route: GET /orders
#1 /home/nathnael/dev/PHP/bookstore-webapp/app/utils/Router.php(66): Router->matchRoute()
    Arguments:
        #0: GET
        #1: /admin
#2 /home/nathnael/dev/PHP/bookstore-webapp/index.php(195): Router->dispatch()

[10-Jun-2025 11:48:31 UTC] 2025-06-10 11:48:31.727292 Stack Trace (Testing pattern: /^\/orders$/ against path: /admin):
#0 /home/nathnael/dev/PHP/bookstore-webapp/app/utils/Router.php(35): Debug::logStackTrace()
    Arguments:
        #0: Testing pattern: /^\/orders$/ against path: /admin
#1 /home/nathnael/dev/PHP/bookstore-webapp/app/utils/Router.php(66): Router->matchRoute()
    Arguments:
        #0: GET
        #1: /admin
#2 /home/nathnael/dev/PHP/bookstore-webapp/index.php(195): Router->dispatch()

[10-Jun-2025 11:48:31 UTC] 2025-06-10 11:48:31.727302 Stack Trace (Pattern did not match):
#0 /home/nathnael/dev/PHP/bookstore-webapp/app/utils/Router.php(50): Debug::logStackTrace()
    Arguments:
        #0: Pattern did not match
#1 /home/nathnael/dev/PHP/bookstore-webapp/app/utils/Router.php(66): Router->matchRoute()
    Arguments:
        #0: GET
        #1: /admin
#2 /home/nathnael/dev/PHP/bookstore-webapp/index.php(195): Router->dispatch()

[10-Jun-2025 11:48:31 UTC] 2025-06-10 11:48:31.727312 Stack Trace (Checking against route: POST /orders/create):
#0 /home/nathnael/dev/PHP/bookstore-webapp/app/utils/Router.php(23): Debug::logStackTrace()
    Arguments:
        #0: Checking against route: POST /orders/create
#1 /home/nathnael/dev/PHP/bookstore-webapp/app/utils/Router.php(66): Router->matchRoute()
    Arguments:
        #0: GET
        #1: /admin
#2 /home/nathnael/dev/PHP/bookstore-webapp/index.php(195): Router->dispatch()

[10-Jun-2025 11:48:31 UTC] 2025-06-10 11:48:31.727324 Stack Trace (Method mismatch: POST != GET):
#0 /home/nathnael/dev/PHP/bookstore-webapp/app/utils/Router.php(26): Debug::logStackTrace()
    Arguments:
        #0: Method mismatch: POST != GET
#1 /home/nathnael/dev/PHP/bookstore-webapp/app/utils/Router.php(66): Router->matchRoute()
    Arguments:
        #0: GET
        #1: /admin
#2 /home/nathnael/dev/PHP/bookstore-webapp/index.php(195): Router->dispatch()

[10-Jun-2025 11:48:31 UTC] 2025-06-10 11:48:31.727333 Stack Trace (Checking against route: GET /admin):
#0 /home/nathnael/dev/PHP/bookstore-webapp/app/utils/Router.php(23): Debug::logStackTrace()
    Arguments:
        #0: Checking against route: GET /admin
#1 /home/nathnael/dev/PHP/bookstore-webapp/app/utils/Router.php(66): Router->matchRoute()
    Arguments:
        #0: GET
        #1: /admin
#2 /home/nathnael/dev/PHP/bookstore-webapp/index.php(195): Router->dispatch()

[10-Jun-2025 11:48:31 UTC] 2025-06-10 11:48:31.727343 Stack Trace (Testing pattern: /^\/admin$/ against path: /admin):
#0 /home/nathnael/dev/PHP/bookstore-webapp/app/utils/Router.php(35): Debug::logStackTrace()
    Arguments:
        #0: Testing pattern: /^\/admin$/ against path: /admin
#1 /home/nathnael/dev/PHP/bookstore-webapp/app/utils/Router.php(66): Router->matchRoute()
    Arguments:
        #0: GET
        #1: /admin
#2 /home/nathnael/dev/PHP/bookstore-webapp/index.php(195): Router->dispatch()

[10-Jun-2025 11:48:31 UTC] 2025-06-10 11:48:31.727358 Stack Trace (Route matched with params: Array
(
)
):
#0 /home/nathnael/dev/PHP/bookstore-webapp/app/utils/Router.php(43): Debug::logStackTrace()
    Arguments:
        #0: Route matched with params: Array
(
)

#1 /home/nathnael/dev/PHP/bookstore-webapp/app/utils/Router.php(66): Router->matchRoute()
    Arguments:
        #0: GET
        #1: /admin
#2 /home/nathnael/dev/PHP/bookstore-webapp/index.php(195): Router->dispatch()

[10-Jun-2025 11:48:31 UTC] 2025-06-10 11:48:31.727370 Stack Trace (Resolving lazy-loaded controller):
#0 /home/nathnael/dev/PHP/bookstore-webapp/app/utils/Router.php(75): Debug::logStackTrace()
    Arguments:
        #0: Resolving lazy-loaded controller
#1 /home/nathnael/dev/PHP/bookstore-webapp/index.php(195): Router->dispatch()

[10-Jun-2025 11:48:31 UTC] 2025-06-10 11:48:31.727380 Stack Trace (Constructing AdminController):
#0 /home/nathnael/dev/PHP/bookstore-webapp/app/controllers/AdminController.php(20): Debug::logStackTrace()
    Arguments:
        #0: Constructing AdminController
#1 /home/nathnael/dev/PHP/bookstore-webapp/index.php(89): AdminController->__construct()
#2 /home/nathnael/dev/PHP/bookstore-webapp/app/utils/Router.php(76): {closure}()
#3 /home/nathnael/dev/PHP/bookstore-webapp/index.php(195): Router->dispatch()

[10-Jun-2025 11:48:31 UTC] 2025-06-10 11:48:31.728033 Stack Trace (Calling controller: AdminController->index):
#0 /home/nathnael/dev/PHP/bookstore-webapp/app/utils/Router.php(83): Debug::logStackTrace()
    Arguments:
        #0: Calling controller: AdminController->index
#1 /home/nathnael/dev/PHP/bookstore-webapp/index.php(195): Router->dispatch()

[10-Jun-2025 11:48:31 UTC] 2025-06-10 11:48:31.728061 Stack Trace (Calling without params):
#0 /home/nathnael/dev/PHP/bookstore-webapp/app/utils/Router.php(89): Debug::logStackTrace()
    Arguments:
        #0: Calling without params
#1 /home/nathnael/dev/PHP/bookstore-webapp/index.php(195): Router->dispatch()

[10-Jun-2025 11:48:31 UTC] 2025-06-10 11:48:31.728074 Stack Trace (AdminController->index() called):
#0 /home/nathnael/dev/PHP/bookstore-webapp/app/controllers/AdminController.php(40): Debug::logStackTrace()
    Arguments:
        #0: AdminController->index() called
#1 /home/nathnael/dev/PHP/bookstore-webapp/app/utils/Router.php(90): AdminController->index()
#2 /home/nathnael/dev/PHP/bookstore-webapp/index.php(195): Router->dispatch()

[10-Jun-2025 11:48:31 UTC] 2025-06-10 11:48:31.728513 Stack Trace (Controller call completed):
#0 /home/nathnael/dev/PHP/bookstore-webapp/app/utils/Router.php(92): Debug::logStackTrace()
    Arguments:
        #0: Controller call completed
#1 /home/nathnael/dev/PHP/bookstore-webapp/index.php(195): Router->dispatch()

